23:25:16.336 INFO [main] org.lenskit.cli.Main: Starting LensKit 3.0-M1 on Java 1.8.0_151 from Oracle Corporation
23:25:16.374 DEBUG [main] org.lenskit.LenskitInfo: have 5573 active revisions
23:25:16.385 DEBUG [main] org.lenskit.cli.Main: Built from Git revision c0210fa3281ef8b15b0959bcd5fced43c5fec38a
23:25:16.385 DEBUG [main] org.lenskit.cli.Main: Using VM 'Java HotSpot(TM) 64-Bit Server VM' version 25.151-b12 from Oracle Corporation
23:25:16.385 INFO [main] org.lenskit.cli.Main: Have 4 processors and heap limit of 1820 MiB
23:25:16.408 INFO [main] org.lenskit.cli.util.RecommenderLoader: creating fresh recommender
23:25:16.741 INFO [main] org.lenskit.config.ConfigurationLoader: loading script from file:/Users/chujiechen/Documents/User/Study/Self-study/Coding/Coursera/01Software%20Engineer/05MachineLearning/04ELECTIVES/06_Introduction%20to%20Recommender%20Systems/assignment1_nonpers-assignment/etc/damped-mean.groovy
23:25:17.377 DEBUG [main] org.lenskit.data.dao.file.TextEntitySource: loading source ratings with base URI file:/Users/chujiechen/Documents/User/Study/Self-study/Coding/Coursera/01Software%20Engineer/05MachineLearning/04ELECTIVES/06_Introduction%20to%20Recommender%20Systems/assignment1_nonpers-assignment/data/movielens.yml
23:25:17.377 DEBUG [main] org.lenskit.data.dao.file.TextEntitySource: resolved file URI: file:/Users/chujiechen/Documents/User/Study/Self-study/Coding/Coursera/01Software%20Engineer/05MachineLearning/04ELECTIVES/06_Introduction%20to%20Recommender%20Systems/assignment1_nonpers-assignment/data/ratings.csv
23:25:17.405 INFO [main] org.lenskit.data.dao.file.TextEntitySource: loading text file source ratings to read from file:/Users/chujiechen/Documents/User/Study/Self-study/Coding/Coursera/01Software%20Engineer/05MachineLearning/04ELECTIVES/06_Introduction%20to%20Recommender%20Systems/assignment1_nonpers-assignment/data/ratings.csv
23:25:17.414 DEBUG [main] org.lenskit.data.dao.file.TextEntitySource: ratings: using delimiter ,
23:25:17.414 DEBUG [main] org.lenskit.data.dao.file.TextEntitySource: ratings: reading header
23:25:17.415 DEBUG [main] org.lenskit.data.dao.file.TextEntitySource: ratings: reading entities of type EntityType[rating]
23:25:17.454 DEBUG [main] org.lenskit.data.dao.file.TextEntitySource: class org.lenskit.data.ratings.RatingBuilder: using entity builder {}
23:25:17.454 DEBUG [main] org.lenskit.data.dao.file.TextEntitySource: loading source movies with base URI file:/Users/chujiechen/Documents/User/Study/Self-study/Coding/Coursera/01Software%20Engineer/05MachineLearning/04ELECTIVES/06_Introduction%20to%20Recommender%20Systems/assignment1_nonpers-assignment/data/movielens.yml
23:25:17.454 DEBUG [main] org.lenskit.data.dao.file.TextEntitySource: resolved file URI: file:/Users/chujiechen/Documents/User/Study/Self-study/Coding/Coursera/01Software%20Engineer/05MachineLearning/04ELECTIVES/06_Introduction%20to%20Recommender%20Systems/assignment1_nonpers-assignment/data/movies.csv
23:25:17.454 INFO [main] org.lenskit.data.dao.file.TextEntitySource: loading text file source movies to read from file:/Users/chujiechen/Documents/User/Study/Self-study/Coding/Coursera/01Software%20Engineer/05MachineLearning/04ELECTIVES/06_Introduction%20to%20Recommender%20Systems/assignment1_nonpers-assignment/data/movies.csv
23:25:17.455 DEBUG [main] org.lenskit.data.dao.file.TextEntitySource: movies: using delimiter ,
23:25:17.455 DEBUG [main] org.lenskit.data.dao.file.TextEntitySource: movies: reading header
23:25:17.455 DEBUG [main] org.lenskit.data.dao.file.TextEntitySource: movies: reading entities of type EntityType[item]
23:25:17.455 DEBUG [main] org.lenskit.data.dao.file.TextEntitySource: class org.lenskit.data.entities.BasicEntityBuilder: using entity builder {}
23:25:17.455 DEBUG [main] org.lenskit.data.dao.file.TextEntitySource: loading source tags with base URI file:/Users/chujiechen/Documents/User/Study/Self-study/Coding/Coursera/01Software%20Engineer/05MachineLearning/04ELECTIVES/06_Introduction%20to%20Recommender%20Systems/assignment1_nonpers-assignment/data/movielens.yml
23:25:17.455 DEBUG [main] org.lenskit.data.dao.file.TextEntitySource: resolved file URI: file:/Users/chujiechen/Documents/User/Study/Self-study/Coding/Coursera/01Software%20Engineer/05MachineLearning/04ELECTIVES/06_Introduction%20to%20Recommender%20Systems/assignment1_nonpers-assignment/data/tags.csv
23:25:17.455 INFO [main] org.lenskit.data.dao.file.TextEntitySource: loading text file source tags to read from file:/Users/chujiechen/Documents/User/Study/Self-study/Coding/Coursera/01Software%20Engineer/05MachineLearning/04ELECTIVES/06_Introduction%20to%20Recommender%20Systems/assignment1_nonpers-assignment/data/tags.csv
23:25:17.456 DEBUG [main] org.lenskit.data.dao.file.TextEntitySource: tags: using delimiter ,
23:25:17.456 DEBUG [main] org.lenskit.data.dao.file.TextEntitySource: tags: reading header
23:25:17.456 DEBUG [main] org.lenskit.data.dao.file.TextEntitySource: tags: reading entities of type EntityType[item-tag]
23:25:17.456 DEBUG [main] org.lenskit.data.dao.file.TextEntitySource: class org.lenskit.data.entities.BasicEntityBuilder: using entity builder {}
23:25:17.459 DEBUG [main] org.lenskit.LenskitRecommenderEngineBuilder: building graph from 3 configurations
23:25:17.529 DEBUG [main] org.lenskit.inject.RecommenderInstantiator: replacing nodes in graph with 10 nodes
23:25:17.536 DEBUG [main] org.lenskit.inject.RecommenderInstantiator: found 6 shared nodes
23:25:18.816 INFO [main] org.lenskit.data.dao.file.StaticDataSource: deriving entity type EntityType[user] from EntityType[rating] (column TypedName[user: long])
23:25:19.449 INFO [main] org.lenskit.data.dao.file.StaticDataSource: deriving entity type EntityType[item] from EntityType[rating] (column TypedName[item: long])
23:25:19.484 DEBUG [main] org.lenskit.data.entities.EntityCollectionBuilder: built collection of 2500 entities with type EntityType[item] and 2 indexes
23:25:19.512 DEBUG [main] org.lenskit.data.entities.EntityCollectionBuilder: built collection of 264505 entities with type EntityType[rating] and 2 indexes
23:25:19.524 DEBUG [main] org.lenskit.data.entities.EntityCollectionBuilder: built collection of 94875 entities with type EntityType[item-tag] and 2 indexes
23:25:19.525 DEBUG [main] org.lenskit.data.entities.EntityCollectionBuilder: built collection of 862 entities with type EntityType[user] and 2 indexes
23:25:19.603 DEBUG [main] org.lenskit.inject.RecommenderInstantiator: final graph has 10 nodes
23:25:19.605 INFO [main] org.lenskit.cli.util.RecommenderLoader: built recommender in 2.146 s
23:25:19.609 INFO [main] org.lenskit.cli.commands.GlobalRecommend: using 0 reference items: []
23:25:19.610 INFO [main] org.lenskit.mooc.nonpers.mean.MeanItemBasedItemRecommender: computing 10 recommendations from 2500 items
23:25:19.636 INFO [main] org.lenskit.cli.commands.GlobalRecommend: recommended in 26.69 ms
23:25:19.637 INFO [main] org.lenskit.cli.Main: If you use LensKit in published research, please see http://lenskit.org/research/
