01:05:49.369 INFO [main] org.lenskit.cli.Main: Starting LensKit 3.0-M1 on Java 1.8.0_151 from Oracle Corporation
01:05:49.431 DEBUG [main] org.lenskit.LenskitInfo: have 5573 active revisions
01:05:49.436 DEBUG [main] org.lenskit.cli.Main: Built from Git revision c0210fa3281ef8b15b0959bcd5fced43c5fec38a
01:05:49.436 DEBUG [main] org.lenskit.cli.Main: Using VM 'Java HotSpot(TM) 64-Bit Server VM' version 25.151-b12 from Oracle Corporation
01:05:49.436 INFO [main] org.lenskit.cli.Main: Have 4 processors and heap limit of 1820 MiB
01:05:49.469 INFO [main] org.lenskit.cli.util.RecommenderLoader: creating fresh recommender
01:05:49.811 INFO [main] org.lenskit.config.ConfigurationLoader: loading script from file:/Users/chujiechen/Documents/User/Study/Self-study/Coding/Coursera/01Software%20Engineer/05MachineLearning/04ELECTIVES/06_Introduction%20to%20Recommender%20Systems/assignment1_nonpers-assignment/etc/mean.groovy
01:05:50.500 DEBUG [main] org.lenskit.data.dao.file.TextEntitySource: loading source ratings with base URI file:/Users/chujiechen/Documents/User/Study/Self-study/Coding/Coursera/01Software%20Engineer/05MachineLearning/04ELECTIVES/06_Introduction%20to%20Recommender%20Systems/assignment1_nonpers-assignment/data/movielens.yml
01:05:50.500 DEBUG [main] org.lenskit.data.dao.file.TextEntitySource: resolved file URI: file:/Users/chujiechen/Documents/User/Study/Self-study/Coding/Coursera/01Software%20Engineer/05MachineLearning/04ELECTIVES/06_Introduction%20to%20Recommender%20Systems/assignment1_nonpers-assignment/data/ratings.csv
01:05:50.515 INFO [main] org.lenskit.data.dao.file.TextEntitySource: loading text file source ratings to read from file:/Users/chujiechen/Documents/User/Study/Self-study/Coding/Coursera/01Software%20Engineer/05MachineLearning/04ELECTIVES/06_Introduction%20to%20Recommender%20Systems/assignment1_nonpers-assignment/data/ratings.csv
01:05:50.522 DEBUG [main] org.lenskit.data.dao.file.TextEntitySource: ratings: using delimiter ,
01:05:50.522 DEBUG [main] org.lenskit.data.dao.file.TextEntitySource: ratings: reading header
01:05:50.522 DEBUG [main] org.lenskit.data.dao.file.TextEntitySource: ratings: reading entities of type EntityType[rating]
01:05:50.576 DEBUG [main] org.lenskit.data.dao.file.TextEntitySource: class org.lenskit.data.ratings.RatingBuilder: using entity builder {}
01:05:50.576 DEBUG [main] org.lenskit.data.dao.file.TextEntitySource: loading source movies with base URI file:/Users/chujiechen/Documents/User/Study/Self-study/Coding/Coursera/01Software%20Engineer/05MachineLearning/04ELECTIVES/06_Introduction%20to%20Recommender%20Systems/assignment1_nonpers-assignment/data/movielens.yml
01:05:50.576 DEBUG [main] org.lenskit.data.dao.file.TextEntitySource: resolved file URI: file:/Users/chujiechen/Documents/User/Study/Self-study/Coding/Coursera/01Software%20Engineer/05MachineLearning/04ELECTIVES/06_Introduction%20to%20Recommender%20Systems/assignment1_nonpers-assignment/data/movies.csv
01:05:50.577 INFO [main] org.lenskit.data.dao.file.TextEntitySource: loading text file source movies to read from file:/Users/chujiechen/Documents/User/Study/Self-study/Coding/Coursera/01Software%20Engineer/05MachineLearning/04ELECTIVES/06_Introduction%20to%20Recommender%20Systems/assignment1_nonpers-assignment/data/movies.csv
01:05:50.577 DEBUG [main] org.lenskit.data.dao.file.TextEntitySource: movies: using delimiter ,
01:05:50.577 DEBUG [main] org.lenskit.data.dao.file.TextEntitySource: movies: reading header
01:05:50.577 DEBUG [main] org.lenskit.data.dao.file.TextEntitySource: movies: reading entities of type EntityType[item]
01:05:50.578 DEBUG [main] org.lenskit.data.dao.file.TextEntitySource: class org.lenskit.data.entities.BasicEntityBuilder: using entity builder {}
01:05:50.578 DEBUG [main] org.lenskit.data.dao.file.TextEntitySource: loading source tags with base URI file:/Users/chujiechen/Documents/User/Study/Self-study/Coding/Coursera/01Software%20Engineer/05MachineLearning/04ELECTIVES/06_Introduction%20to%20Recommender%20Systems/assignment1_nonpers-assignment/data/movielens.yml
01:05:50.578 DEBUG [main] org.lenskit.data.dao.file.TextEntitySource: resolved file URI: file:/Users/chujiechen/Documents/User/Study/Self-study/Coding/Coursera/01Software%20Engineer/05MachineLearning/04ELECTIVES/06_Introduction%20to%20Recommender%20Systems/assignment1_nonpers-assignment/data/tags.csv
01:05:50.578 INFO [main] org.lenskit.data.dao.file.TextEntitySource: loading text file source tags to read from file:/Users/chujiechen/Documents/User/Study/Self-study/Coding/Coursera/01Software%20Engineer/05MachineLearning/04ELECTIVES/06_Introduction%20to%20Recommender%20Systems/assignment1_nonpers-assignment/data/tags.csv
01:05:50.578 DEBUG [main] org.lenskit.data.dao.file.TextEntitySource: tags: using delimiter ,
01:05:50.578 DEBUG [main] org.lenskit.data.dao.file.TextEntitySource: tags: reading header
01:05:50.578 DEBUG [main] org.lenskit.data.dao.file.TextEntitySource: tags: reading entities of type EntityType[item-tag]
01:05:50.579 DEBUG [main] org.lenskit.data.dao.file.TextEntitySource: class org.lenskit.data.entities.BasicEntityBuilder: using entity builder {}
01:05:50.586 DEBUG [main] org.lenskit.LenskitRecommenderEngineBuilder: building graph from 3 configurations
01:05:50.702 DEBUG [main] org.lenskit.inject.RecommenderInstantiator: replacing nodes in graph with 9 nodes
01:05:50.708 DEBUG [main] org.lenskit.inject.RecommenderInstantiator: found 5 shared nodes
01:05:52.339 INFO [main] org.lenskit.data.dao.file.StaticDataSource: deriving entity type EntityType[user] from EntityType[rating] (column TypedName[user: long])
01:05:52.415 INFO [main] org.lenskit.data.dao.file.StaticDataSource: deriving entity type EntityType[item] from EntityType[rating] (column TypedName[item: long])
01:05:52.464 DEBUG [main] org.lenskit.data.entities.EntityCollectionBuilder: built collection of 2500 entities with type EntityType[item] and 2 indexes
01:05:52.486 DEBUG [main] org.lenskit.data.entities.EntityCollectionBuilder: built collection of 264505 entities with type EntityType[rating] and 2 indexes
01:05:52.499 DEBUG [main] org.lenskit.data.entities.EntityCollectionBuilder: built collection of 94875 entities with type EntityType[item-tag] and 2 indexes
01:05:52.500 DEBUG [main] org.lenskit.data.entities.EntityCollectionBuilder: built collection of 862 entities with type EntityType[user] and 2 indexes
01:05:52.571 INFO [main] org.lenskit.mooc.nonpers.mean.ItemMeanModelProvider: computed mean ratings for 2500 items
01:05:52.588 DEBUG [main] org.lenskit.inject.RecommenderInstantiator: final graph has 9 nodes
01:05:52.590 INFO [main] org.lenskit.cli.util.RecommenderLoader: built recommender in 2.004 s
01:05:52.594 INFO [main] org.lenskit.cli.commands.GlobalRecommend: using 0 reference items: []
01:05:52.595 INFO [main] org.lenskit.mooc.nonpers.mean.MeanItemBasedItemRecommender: computing 10 recommendations from 2500 items
01:05:52.619 INFO [main] org.lenskit.cli.commands.GlobalRecommend: recommended in 24.35 ms
01:05:52.619 INFO [main] org.lenskit.cli.Main: If you use LensKit in published research, please see http://lenskit.org/research/
